<?xml version="1.0" encoding="UTF-8"?>
<!-- Generated by org.testng.reporters.JUnitReportReporter -->
<testsuite hostname="Fastlane" failures="0" tests="4" name="basicRequests.HTTPRequests" time="5.342" errors="0" timestamp="2023-06-10T17:07:22 IST" skipped="0">
  <testcase classname="basicRequests.HTTPRequests" name="getUser" time="3.382"/>
  <system-out/>
  <testcase classname="basicRequests.HTTPRequests" name="createUser" time="1.136"/>
  <system-out/>
  <testcase classname="basicRequests.HTTPRequests" name="updateUser" time="0.435"/>
  <system-out/>
  <testcase classname="basicRequests.HTTPRequests" name="deleteUser" time="0.389"/>
  <system-out/>
</testsuite> <!-- basicRequests.HTTPRequests -->
